<?xml version="1.0" encoding="UTF-8"?>
<testsuite name="ru.netology.rest.MobileBankApiTestV3" tests="1" skipped="0" failures="0" errors="0" timestamp="2024-02-21T12:20:40" hostname="DESKTOP-OH9APIG" time="5.66">
  <properties/>
  <testcase name="shouldReturnDemoAccounts()" classname="ru.netology.rest.MobileBankApiTestV3" time="5.66"/>
  <system-out><![CDATA[]]></system-out>
  <system-err><![CDATA[]]></system-err>
</testsuite>
